2025-05-25 10:57:10,348 - INFO - Reading student IDs from StudentRoster.csv...
2025-05-25 10:57:10,349 - INFO - Fetching assignments for 66 students...
2025-05-25 10:57:11,529 - ERROR - Failed to fetch data for student 5264631: 401 Client Error: Unauthorized for url: https://usflearn.instructure.com/api/v1/courses/1930464/analytics/users/5264631/assignments?per_page=100
2025-05-25 10:57:11,536 - ERROR - Failed to fetch data for student 5159167: 401 Client Error: Unauthorized for url: https://usflearn.instructure.com/api/v1/courses/1930464/analytics/users/5159167/assignments?per_page=100
2025-05-25 10:57:11,540 - ERROR - Failed to fetch data for student 5321711: 401 Client Error: Unauthorized for url: https://usflearn.instructure.com/api/v1/courses/1930464/analytics/users/5321711/assignments?per_page=100
2025-05-25 10:57:11,552 - ERROR - Failed to fetch data for student 5333367: 401 Client Error: Unauthorized for url: https://usflearn.instructure.com/api/v1/courses/1930464/analytics/users/5333367/assignments?per_page=100
2025-05-25 10:57:11,560 - ERROR - Failed to fetch data for student 5018111: 401 Client Error: Unauthorized for url: https://usflearn.instructure.com/api/v1/courses/1930464/analytics/users/5018111/assignments?per_page=100
2025-05-25 10:57:11,571 - ERROR - Failed to fetch data for student 5341297: 401 Client Error: Unauthorized for url: https://usflearn.instructure.com/api/v1/courses/1930464/analytics/users/5341297/assignments?per_page=100
2025-05-25 10:57:11,580 - ERROR - Failed to fetch data for student 5237007: 401 Client Error: Unauthorized for url: https://usflearn.instructure.com/api/v1/courses/1930464/analytics/users/5237007/assignments?per_page=100
2025-05-25 10:57:11,611 - ERROR - Failed to fetch data for student 5324167: 401 Client Error: Unauthorized for url: https://usflearn.instructure.com/api/v1/courses/1930464/analytics/users/5324167/assignments?per_page=100
2025-05-25 10:57:11,628 - ERROR - Failed to fetch data for student 4845467: 401 Client Error: Unauthorized for url: https://usflearn.instructure.com/api/v1/courses/1930464/analytics/users/4845467/assignments?per_page=100
2025-05-25 10:57:11,638 - ERROR - Failed to fetch data for student 5343251: 401 Client Error: Unauthorized for url: https://usflearn.instructure.com/api/v1/courses/1930464/analytics/users/5343251/assignments?per_page=100
2025-05-25 10:57:12,410 - ERROR - Failed to fetch data for student 5277805: 401 Client Error: Unauthorized for url: https://usflearn.instructure.com/api/v1/courses/1930464/analytics/users/5277805/assignments?per_page=100
2025-05-25 10:57:12,444 - ERROR - Failed to fetch data for student 5260413: 401 Client Error: Unauthorized for url: https://usflearn.instructure.com/api/v1/courses/1930464/analytics/users/5260413/assignments?per_page=100
2025-05-25 10:57:12,444 - ERROR - Failed to fetch data for student 5211091: 401 Client Error: Unauthorized for url: https://usflearn.instructure.com/api/v1/courses/1930464/analytics/users/5211091/assignments?per_page=100
2025-05-25 10:57:12,455 - ERROR - Failed to fetch data for student 5244275: 401 Client Error: Unauthorized for url: https://usflearn.instructure.com/api/v1/courses/1930464/analytics/users/5244275/assignments?per_page=100
2025-05-25 10:57:12,480 - ERROR - Failed to fetch data for student 5258093: 401 Client Error: Unauthorized for url: https://usflearn.instructure.com/api/v1/courses/1930464/analytics/users/5258093/assignments?per_page=100
2025-05-25 10:57:12,482 - ERROR - Failed to fetch data for student 5341511: 401 Client Error: Unauthorized for url: https://usflearn.instructure.com/api/v1/courses/1930464/analytics/users/5341511/assignments?per_page=100
2025-05-25 10:57:12,497 - ERROR - Failed to fetch data for student 4803449: 401 Client Error: Unauthorized for url: https://usflearn.instructure.com/api/v1/courses/1930464/analytics/users/4803449/assignments?per_page=100
2025-05-25 10:57:12,521 - ERROR - Failed to fetch data for student 5075195: 401 Client Error: Unauthorized for url: https://usflearn.instructure.com/api/v1/courses/1930464/analytics/users/5075195/assignments?per_page=100
2025-05-25 10:57:12,536 - ERROR - Failed to fetch data for student 5303487: 401 Client Error: Unauthorized for url: https://usflearn.instructure.com/api/v1/courses/1930464/analytics/users/5303487/assignments?per_page=100
2025-05-25 10:57:12,554 - ERROR - Failed to fetch data for student 5322963: 401 Client Error: Unauthorized for url: https://usflearn.instructure.com/api/v1/courses/1930464/analytics/users/5322963/assignments?per_page=100
2025-05-25 10:57:13,221 - ERROR - Failed to fetch data for student 5252563: 401 Client Error: Unauthorized for url: https://usflearn.instructure.com/api/v1/courses/1930464/analytics/users/5252563/assignments?per_page=100
2025-05-25 10:57:13,316 - ERROR - Failed to fetch data for student 5269555: 401 Client Error: Unauthorized for url: https://usflearn.instructure.com/api/v1/courses/1930464/analytics/users/5269555/assignments?per_page=100
2025-05-25 10:57:13,320 - ERROR - Failed to fetch data for student 5287447: 401 Client Error: Unauthorized for url: https://usflearn.instructure.com/api/v1/courses/1930464/analytics/users/5287447/assignments?per_page=100
2025-05-25 10:57:13,323 - ERROR - Failed to fetch data for student 5263813: 401 Client Error: Unauthorized for url: https://usflearn.instructure.com/api/v1/courses/1930464/analytics/users/5263813/assignments?per_page=100
2025-05-25 10:57:13,349 - ERROR - Failed to fetch data for student 5255659: 401 Client Error: Unauthorized for url: https://usflearn.instructure.com/api/v1/courses/1930464/analytics/users/5255659/assignments?per_page=100
2025-05-25 10:57:13,368 - ERROR - Failed to fetch data for student 4596715: 401 Client Error: Unauthorized for url: https://usflearn.instructure.com/api/v1/courses/1930464/analytics/users/4596715/assignments?per_page=100
2025-05-25 10:57:13,393 - ERROR - Failed to fetch data for student 5029701: 401 Client Error: Unauthorized for url: https://usflearn.instructure.com/api/v1/courses/1930464/analytics/users/5029701/assignments?per_page=100
2025-05-25 10:57:13,401 - ERROR - Failed to fetch data for student 5285177: 401 Client Error: Unauthorized for url: https://usflearn.instructure.com/api/v1/courses/1930464/analytics/users/5285177/assignments?per_page=100
2025-05-25 10:57:13,406 - ERROR - Failed to fetch data for student 5230621: 401 Client Error: Unauthorized for url: https://usflearn.instructure.com/api/v1/courses/1930464/analytics/users/5230621/assignments?per_page=100
2025-05-25 10:57:13,407 - ERROR - Failed to fetch data for student 5033061: 401 Client Error: Unauthorized for url: https://usflearn.instructure.com/api/v1/courses/1930464/analytics/users/5033061/assignments?per_page=100
2025-05-25 10:57:13,982 - ERROR - Failed to fetch data for student 5385177: 401 Client Error: Unauthorized for url: https://usflearn.instructure.com/api/v1/courses/1930464/analytics/users/5385177/assignments?per_page=100
2025-05-25 10:57:14,192 - ERROR - Failed to fetch data for student 5266969: 401 Client Error: Unauthorized for url: https://usflearn.instructure.com/api/v1/courses/1930464/analytics/users/5266969/assignments?per_page=100
2025-05-25 10:57:14,202 - ERROR - Failed to fetch data for student 5264859: 401 Client Error: Unauthorized for url: https://usflearn.instructure.com/api/v1/courses/1930464/analytics/users/5264859/assignments?per_page=100
2025-05-25 10:57:14,225 - ERROR - Failed to fetch data for student 5234779: 401 Client Error: Unauthorized for url: https://usflearn.instructure.com/api/v1/courses/1930464/analytics/users/5234779/assignments?per_page=100
2025-05-25 10:57:14,239 - ERROR - Failed to fetch data for student 5242323: 401 Client Error: Unauthorized for url: https://usflearn.instructure.com/api/v1/courses/1930464/analytics/users/5242323/assignments?per_page=100
2025-05-25 10:57:14,261 - ERROR - Failed to fetch data for student 5237497: 401 Client Error: Unauthorized for url: https://usflearn.instructure.com/api/v1/courses/1930464/analytics/users/5237497/assignments?per_page=100
2025-05-25 10:57:14,265 - ERROR - Failed to fetch data for student 5368843: 401 Client Error: Unauthorized for url: https://usflearn.instructure.com/api/v1/courses/1930464/analytics/users/5368843/assignments?per_page=100
2025-05-25 10:57:14,277 - ERROR - Failed to fetch data for student 5081859: 401 Client Error: Unauthorized for url: https://usflearn.instructure.com/api/v1/courses/1930464/analytics/users/5081859/assignments?per_page=100
2025-05-25 10:57:14,293 - ERROR - Failed to fetch data for student 5299959: 401 Client Error: Unauthorized for url: https://usflearn.instructure.com/api/v1/courses/1930464/analytics/users/5299959/assignments?per_page=100
2025-05-25 10:57:14,352 - ERROR - Failed to fetch data for student 5226673: 401 Client Error: Unauthorized for url: https://usflearn.instructure.com/api/v1/courses/1930464/analytics/users/5226673/assignments?per_page=100
2025-05-25 10:57:14,716 - ERROR - Failed to fetch data for student 5046387: 401 Client Error: Unauthorized for url: https://usflearn.instructure.com/api/v1/courses/1930464/analytics/users/5046387/assignments?per_page=100
2025-05-25 10:57:15,140 - ERROR - Failed to fetch data for student 5274461: 401 Client Error: Unauthorized for url: https://usflearn.instructure.com/api/v1/courses/1930464/analytics/users/5274461/assignments?per_page=100
2025-05-25 10:57:15,183 - ERROR - Failed to fetch data for student 5259461: 401 Client Error: Unauthorized for url: https://usflearn.instructure.com/api/v1/courses/1930464/analytics/users/5259461/assignments?per_page=100
2025-05-25 10:57:15,183 - ERROR - Failed to fetch data for student 5291005: 401 Client Error: Unauthorized for url: https://usflearn.instructure.com/api/v1/courses/1930464/analytics/users/5291005/assignments?per_page=100
2025-05-25 10:57:15,208 - ERROR - Failed to fetch data for student 5052305: 401 Client Error: Unauthorized for url: https://usflearn.instructure.com/api/v1/courses/1930464/analytics/users/5052305/assignments?per_page=100
2025-05-25 10:57:15,217 - ERROR - Failed to fetch data for student 5268281: 401 Client Error: Unauthorized for url: https://usflearn.instructure.com/api/v1/courses/1930464/analytics/users/5268281/assignments?per_page=100
2025-05-25 10:57:15,217 - ERROR - Failed to fetch data for student 5266413: 401 Client Error: Unauthorized for url: https://usflearn.instructure.com/api/v1/courses/1930464/analytics/users/5266413/assignments?per_page=100
2025-05-25 10:57:15,228 - ERROR - Failed to fetch data for student 5254955: 401 Client Error: Unauthorized for url: https://usflearn.instructure.com/api/v1/courses/1930464/analytics/users/5254955/assignments?per_page=100
2025-05-25 10:57:15,228 - ERROR - Failed to fetch data for student 4995979: 401 Client Error: Unauthorized for url: https://usflearn.instructure.com/api/v1/courses/1930464/analytics/users/4995979/assignments?per_page=100
2025-05-25 10:57:15,254 - ERROR - Failed to fetch data for student 5078245: 401 Client Error: Unauthorized for url: https://usflearn.instructure.com/api/v1/courses/1930464/analytics/users/5078245/assignments?per_page=100
2025-05-25 10:57:15,425 - ERROR - Failed to fetch data for student 5249109: 401 Client Error: Unauthorized for url: https://usflearn.instructure.com/api/v1/courses/1930464/analytics/users/5249109/assignments?per_page=100
2025-05-25 10:57:16,117 - ERROR - Failed to fetch data for student 5245161: 401 Client Error: Unauthorized for url: https://usflearn.instructure.com/api/v1/courses/1930464/analytics/users/5245161/assignments?per_page=100
2025-05-25 10:57:16,185 - ERROR - Failed to fetch data for student 5418569: 401 Client Error: Unauthorized for url: https://usflearn.instructure.com/api/v1/courses/1930464/analytics/users/5418569/assignments?per_page=100
2025-05-25 10:57:16,223 - ERROR - Failed to fetch data for student 5277021: 401 Client Error: Unauthorized for url: https://usflearn.instructure.com/api/v1/courses/1930464/analytics/users/5277021/assignments?per_page=100
2025-05-25 10:57:16,226 - ERROR - Failed to fetch data for student 5243067: 401 Client Error: Unauthorized for url: https://usflearn.instructure.com/api/v1/courses/1930464/analytics/users/5243067/assignments?per_page=100
2025-05-25 10:57:16,257 - ERROR - Failed to fetch data for student 5371709: 401 Client Error: Unauthorized for url: https://usflearn.instructure.com/api/v1/courses/1930464/analytics/users/5371709/assignments?per_page=100
2025-05-25 10:57:16,261 - ERROR - Failed to fetch data for student 5314605: 401 Client Error: Unauthorized for url: https://usflearn.instructure.com/api/v1/courses/1930464/analytics/users/5314605/assignments?per_page=100
2025-05-25 10:57:16,269 - ERROR - Failed to fetch data for student 5328305: 401 Client Error: Unauthorized for url: https://usflearn.instructure.com/api/v1/courses/1930464/analytics/users/5328305/assignments?per_page=100
2025-05-25 10:57:16,281 - ERROR - Failed to fetch data for student 5341087: 401 Client Error: Unauthorized for url: https://usflearn.instructure.com/api/v1/courses/1930464/analytics/users/5341087/assignments?per_page=100
2025-05-25 10:57:16,281 - ERROR - Failed to fetch data for student 5305513: 401 Client Error: Unauthorized for url: https://usflearn.instructure.com/api/v1/courses/1930464/analytics/users/5305513/assignments?per_page=100
2025-05-25 10:57:16,340 - ERROR - Failed to fetch data for student 5285071: 401 Client Error: Unauthorized for url: https://usflearn.instructure.com/api/v1/courses/1930464/analytics/users/5285071/assignments?per_page=100
2025-05-25 10:57:16,800 - ERROR - Failed to fetch data for student 5342207: 401 Client Error: Unauthorized for url: https://usflearn.instructure.com/api/v1/courses/1930464/analytics/users/5342207/assignments?per_page=100
2025-05-25 10:57:16,876 - ERROR - Failed to fetch data for student 5400867: 401 Client Error: Unauthorized for url: https://usflearn.instructure.com/api/v1/courses/1930464/analytics/users/5400867/assignments?per_page=100
2025-05-25 10:57:16,935 - ERROR - Failed to fetch data for student 5042553: 401 Client Error: Unauthorized for url: https://usflearn.instructure.com/api/v1/courses/1930464/analytics/users/5042553/assignments?per_page=100
2025-05-25 10:57:16,935 - ERROR - Failed to fetch data for student 5371577: 401 Client Error: Unauthorized for url: https://usflearn.instructure.com/api/v1/courses/1930464/analytics/users/5371577/assignments?per_page=100
2025-05-25 10:57:16,954 - ERROR - Failed to fetch data for student 5332285: 401 Client Error: Unauthorized for url: https://usflearn.instructure.com/api/v1/courses/1930464/analytics/users/5332285/assignments?per_page=100
2025-05-25 10:57:16,960 - INFO - Raw assignment data saved to C:\Users\mohan\Downloads\CRAFT-master 3\CRAFT-master\data_exports\assignments_raw.json
2025-05-25 10:57:16,979 - INFO - Cleaned assignment data saved to C:\Users\mohan\Downloads\CRAFT-master 3\CRAFT-master\data_exports\assignments_cleaned.xlsx
2025-05-25 10:58:12,126 - INFO - Reading student IDs from StudentRoster.csv...
2025-05-25 10:58:12,126 - INFO - Fetching assignments for 66 students...
2025-05-25 10:58:13,127 - ERROR - Failed to fetch data for student 5018111: 401 Client Error: Unauthorized for url: https://usflearn.instructure.com/api/v1/courses/1962040/analytics/users/5018111/assignments?per_page=100
2025-05-25 10:58:13,127 - ERROR - Failed to fetch data for student 5264631: 401 Client Error: Unauthorized for url: https://usflearn.instructure.com/api/v1/courses/1962040/analytics/users/5264631/assignments?per_page=100
2025-05-25 10:58:13,127 - ERROR - Failed to fetch data for student 5333367: 401 Client Error: Unauthorized for url: https://usflearn.instructure.com/api/v1/courses/1962040/analytics/users/5333367/assignments?per_page=100
2025-05-25 10:58:13,127 - ERROR - Failed to fetch data for student 5343251: 401 Client Error: Unauthorized for url: https://usflearn.instructure.com/api/v1/courses/1962040/analytics/users/5343251/assignments?per_page=100
2025-05-25 10:58:13,127 - ERROR - Failed to fetch data for student 5324167: 401 Client Error: Unauthorized for url: https://usflearn.instructure.com/api/v1/courses/1962040/analytics/users/5324167/assignments?per_page=100
2025-05-25 10:58:13,127 - ERROR - Failed to fetch data for student 5321711: 401 Client Error: Unauthorized for url: https://usflearn.instructure.com/api/v1/courses/1962040/analytics/users/5321711/assignments?per_page=100
2025-05-25 10:58:13,132 - ERROR - Failed to fetch data for student 5159167: 401 Client Error: Unauthorized for url: https://usflearn.instructure.com/api/v1/courses/1962040/analytics/users/5159167/assignments?per_page=100
2025-05-25 10:58:13,132 - ERROR - Failed to fetch data for student 5341297: 401 Client Error: Unauthorized for url: https://usflearn.instructure.com/api/v1/courses/1962040/analytics/users/5341297/assignments?per_page=100
2025-05-25 10:58:13,132 - ERROR - Failed to fetch data for student 5237007: 401 Client Error: Unauthorized for url: https://usflearn.instructure.com/api/v1/courses/1962040/analytics/users/5237007/assignments?per_page=100
2025-05-25 10:58:13,134 - ERROR - Failed to fetch data for student 4845467: 401 Client Error: Unauthorized for url: https://usflearn.instructure.com/api/v1/courses/1962040/analytics/users/4845467/assignments?per_page=100
2025-05-25 10:58:14,004 - ERROR - Failed to fetch data for student 5277805: 401 Client Error: Unauthorized for url: https://usflearn.instructure.com/api/v1/courses/1962040/analytics/users/5277805/assignments?per_page=100
2025-05-25 10:58:14,004 - ERROR - Failed to fetch data for student 5244275: 401 Client Error: Unauthorized for url: https://usflearn.instructure.com/api/v1/courses/1962040/analytics/users/5244275/assignments?per_page=100
2025-05-25 10:58:14,012 - ERROR - Failed to fetch data for student 5211091: 401 Client Error: Unauthorized for url: https://usflearn.instructure.com/api/v1/courses/1962040/analytics/users/5211091/assignments?per_page=100
2025-05-25 10:58:14,158 - ERROR - Failed to fetch data for student 5075195: 401 Client Error: Unauthorized for url: https://usflearn.instructure.com/api/v1/courses/1962040/analytics/users/5075195/assignments?per_page=100
2025-05-25 10:58:14,158 - ERROR - Failed to fetch data for student 5303487: 401 Client Error: Unauthorized for url: https://usflearn.instructure.com/api/v1/courses/1962040/analytics/users/5303487/assignments?per_page=100
2025-05-25 10:58:14,158 - ERROR - Failed to fetch data for student 5341511: 401 Client Error: Unauthorized for url: https://usflearn.instructure.com/api/v1/courses/1962040/analytics/users/5341511/assignments?per_page=100
2025-05-25 10:58:14,158 - ERROR - Failed to fetch data for student 5322963: 401 Client Error: Unauthorized for url: https://usflearn.instructure.com/api/v1/courses/1962040/analytics/users/5322963/assignments?per_page=100
2025-05-25 10:58:14,158 - ERROR - Failed to fetch data for student 4803449: 401 Client Error: Unauthorized for url: https://usflearn.instructure.com/api/v1/courses/1962040/analytics/users/4803449/assignments?per_page=100
2025-05-25 10:58:14,160 - ERROR - Failed to fetch data for student 5258093: 401 Client Error: Unauthorized for url: https://usflearn.instructure.com/api/v1/courses/1962040/analytics/users/5258093/assignments?per_page=100
2025-05-25 10:58:14,160 - ERROR - Failed to fetch data for student 5260413: 401 Client Error: Unauthorized for url: https://usflearn.instructure.com/api/v1/courses/1962040/analytics/users/5260413/assignments?per_page=100
2025-05-25 10:58:14,925 - ERROR - Failed to fetch data for student 5252563: 401 Client Error: Unauthorized for url: https://usflearn.instructure.com/api/v1/courses/1962040/analytics/users/5252563/assignments?per_page=100
2025-05-25 10:58:14,925 - ERROR - Failed to fetch data for student 5269555: 401 Client Error: Unauthorized for url: https://usflearn.instructure.com/api/v1/courses/1962040/analytics/users/5269555/assignments?per_page=100
2025-05-25 10:58:14,930 - ERROR - Failed to fetch data for student 5287447: 401 Client Error: Unauthorized for url: https://usflearn.instructure.com/api/v1/courses/1962040/analytics/users/5287447/assignments?per_page=100
2025-05-25 10:58:15,133 - ERROR - Failed to fetch data for student 5285177: 401 Client Error: Unauthorized for url: https://usflearn.instructure.com/api/v1/courses/1962040/analytics/users/5285177/assignments?per_page=100
2025-05-25 10:58:15,135 - ERROR - Failed to fetch data for student 5263813: 401 Client Error: Unauthorized for url: https://usflearn.instructure.com/api/v1/courses/1962040/analytics/users/5263813/assignments?per_page=100
2025-05-25 10:58:15,135 - ERROR - Failed to fetch data for student 4596715: 401 Client Error: Unauthorized for url: https://usflearn.instructure.com/api/v1/courses/1962040/analytics/users/4596715/assignments?per_page=100
2025-05-25 10:58:15,138 - ERROR - Failed to fetch data for student 5029701: 401 Client Error: Unauthorized for url: https://usflearn.instructure.com/api/v1/courses/1962040/analytics/users/5029701/assignments?per_page=100
2025-05-25 10:58:15,138 - ERROR - Failed to fetch data for student 5255659: 401 Client Error: Unauthorized for url: https://usflearn.instructure.com/api/v1/courses/1962040/analytics/users/5255659/assignments?per_page=100
2025-05-25 10:58:15,210 - ERROR - Failed to fetch data for student 5230621: 401 Client Error: Unauthorized for url: https://usflearn.instructure.com/api/v1/courses/1962040/analytics/users/5230621/assignments?per_page=100
2025-05-25 10:58:15,210 - ERROR - Failed to fetch data for student 5033061: 401 Client Error: Unauthorized for url: https://usflearn.instructure.com/api/v1/courses/1962040/analytics/users/5033061/assignments?per_page=100
2025-05-25 10:58:15,684 - ERROR - Failed to fetch data for student 5385177: 401 Client Error: Unauthorized for url: https://usflearn.instructure.com/api/v1/courses/1962040/analytics/users/5385177/assignments?per_page=100
2025-05-25 10:58:15,819 - ERROR - Failed to fetch data for student 5266969: 401 Client Error: Unauthorized for url: https://usflearn.instructure.com/api/v1/courses/1962040/analytics/users/5266969/assignments?per_page=100
2025-05-25 10:58:15,819 - ERROR - Failed to fetch data for student 5242323: 401 Client Error: Unauthorized for url: https://usflearn.instructure.com/api/v1/courses/1962040/analytics/users/5242323/assignments?per_page=100
2025-05-25 10:58:16,068 - ERROR - Failed to fetch data for student 5226673: 401 Client Error: Unauthorized for url: https://usflearn.instructure.com/api/v1/courses/1962040/analytics/users/5226673/assignments?per_page=100
2025-05-25 10:58:16,076 - ERROR - Failed to fetch data for student 5237497: 401 Client Error: Unauthorized for url: https://usflearn.instructure.com/api/v1/courses/1962040/analytics/users/5237497/assignments?per_page=100
2025-05-25 10:58:16,076 - ERROR - Failed to fetch data for student 5368843: 401 Client Error: Unauthorized for url: https://usflearn.instructure.com/api/v1/courses/1962040/analytics/users/5368843/assignments?per_page=100
2025-05-25 10:58:16,076 - ERROR - Failed to fetch data for student 5234779: 401 Client Error: Unauthorized for url: https://usflearn.instructure.com/api/v1/courses/1962040/analytics/users/5234779/assignments?per_page=100
2025-05-25 10:58:16,084 - ERROR - Failed to fetch data for student 5264859: 401 Client Error: Unauthorized for url: https://usflearn.instructure.com/api/v1/courses/1962040/analytics/users/5264859/assignments?per_page=100
2025-05-25 10:58:16,113 - ERROR - Failed to fetch data for student 5081859: 401 Client Error: Unauthorized for url: https://usflearn.instructure.com/api/v1/courses/1962040/analytics/users/5081859/assignments?per_page=100
2025-05-25 10:58:16,117 - ERROR - Failed to fetch data for student 5299959: 401 Client Error: Unauthorized for url: https://usflearn.instructure.com/api/v1/courses/1962040/analytics/users/5299959/assignments?per_page=100
2025-05-25 10:58:16,407 - ERROR - Failed to fetch data for student 5046387: 401 Client Error: Unauthorized for url: https://usflearn.instructure.com/api/v1/courses/1962040/analytics/users/5046387/assignments?per_page=100
2025-05-25 10:58:16,702 - ERROR - Failed to fetch data for student 5274461: 401 Client Error: Unauthorized for url: https://usflearn.instructure.com/api/v1/courses/1962040/analytics/users/5274461/assignments?per_page=100
2025-05-25 10:58:16,707 - ERROR - Failed to fetch data for student 5259461: 401 Client Error: Unauthorized for url: https://usflearn.instructure.com/api/v1/courses/1962040/analytics/users/5259461/assignments?per_page=100
2025-05-25 10:58:17,135 - ERROR - Failed to fetch data for student 5291005: 401 Client Error: Unauthorized for url: https://usflearn.instructure.com/api/v1/courses/1962040/analytics/users/5291005/assignments?per_page=100
2025-05-25 10:58:17,142 - ERROR - Failed to fetch data for student 5052305: 401 Client Error: Unauthorized for url: https://usflearn.instructure.com/api/v1/courses/1962040/analytics/users/5052305/assignments?per_page=100
2025-05-25 10:58:17,151 - ERROR - Failed to fetch data for student 5268281: 401 Client Error: Unauthorized for url: https://usflearn.instructure.com/api/v1/courses/1962040/analytics/users/5268281/assignments?per_page=100
2025-05-25 10:58:17,156 - ERROR - Failed to fetch data for student 5266413: 401 Client Error: Unauthorized for url: https://usflearn.instructure.com/api/v1/courses/1962040/analytics/users/5266413/assignments?per_page=100
2025-05-25 10:58:17,166 - ERROR - Failed to fetch data for student 5254955: 401 Client Error: Unauthorized for url: https://usflearn.instructure.com/api/v1/courses/1962040/analytics/users/5254955/assignments?per_page=100
2025-05-25 10:58:17,183 - ERROR - Failed to fetch data for student 4995979: 401 Client Error: Unauthorized for url: https://usflearn.instructure.com/api/v1/courses/1962040/analytics/users/4995979/assignments?per_page=100
2025-05-25 10:58:17,183 - ERROR - Failed to fetch data for student 5078245: 401 Client Error: Unauthorized for url: https://usflearn.instructure.com/api/v1/courses/1962040/analytics/users/5078245/assignments?per_page=100
2025-05-25 10:58:17,331 - ERROR - Failed to fetch data for student 5249109: 401 Client Error: Unauthorized for url: https://usflearn.instructure.com/api/v1/courses/1962040/analytics/users/5249109/assignments?per_page=100
2025-05-25 10:58:17,656 - ERROR - Failed to fetch data for student 5277021: 401 Client Error: Unauthorized for url: https://usflearn.instructure.com/api/v1/courses/1962040/analytics/users/5277021/assignments?per_page=100
2025-05-25 10:58:17,660 - ERROR - Failed to fetch data for student 5245161: 401 Client Error: Unauthorized for url: https://usflearn.instructure.com/api/v1/courses/1962040/analytics/users/5245161/assignments?per_page=100
2025-05-25 10:58:18,110 - ERROR - Failed to fetch data for student 5418569: 401 Client Error: Unauthorized for url: https://usflearn.instructure.com/api/v1/courses/1962040/analytics/users/5418569/assignments?per_page=100
2025-05-25 10:58:18,113 - ERROR - Failed to fetch data for student 5243067: 401 Client Error: Unauthorized for url: https://usflearn.instructure.com/api/v1/courses/1962040/analytics/users/5243067/assignments?per_page=100
2025-05-25 10:58:18,118 - ERROR - Failed to fetch data for student 5371709: 401 Client Error: Unauthorized for url: https://usflearn.instructure.com/api/v1/courses/1962040/analytics/users/5371709/assignments?per_page=100
2025-05-25 10:58:18,126 - ERROR - Failed to fetch data for student 5314605: 401 Client Error: Unauthorized for url: https://usflearn.instructure.com/api/v1/courses/1962040/analytics/users/5314605/assignments?per_page=100
2025-05-25 10:58:18,179 - ERROR - Failed to fetch data for student 5328305: 401 Client Error: Unauthorized for url: https://usflearn.instructure.com/api/v1/courses/1962040/analytics/users/5328305/assignments?per_page=100
2025-05-25 10:58:18,185 - ERROR - Failed to fetch data for student 5341087: 401 Client Error: Unauthorized for url: https://usflearn.instructure.com/api/v1/courses/1962040/analytics/users/5341087/assignments?per_page=100
2025-05-25 10:58:18,188 - ERROR - Failed to fetch data for student 5305513: 401 Client Error: Unauthorized for url: https://usflearn.instructure.com/api/v1/courses/1962040/analytics/users/5305513/assignments?per_page=100
2025-05-25 10:58:18,216 - ERROR - Failed to fetch data for student 5285071: 401 Client Error: Unauthorized for url: https://usflearn.instructure.com/api/v1/courses/1962040/analytics/users/5285071/assignments?per_page=100
2025-05-25 10:58:18,429 - ERROR - Failed to fetch data for student 5342207: 401 Client Error: Unauthorized for url: https://usflearn.instructure.com/api/v1/courses/1962040/analytics/users/5342207/assignments?per_page=100
2025-05-25 10:58:18,429 - ERROR - Failed to fetch data for student 5400867: 401 Client Error: Unauthorized for url: https://usflearn.instructure.com/api/v1/courses/1962040/analytics/users/5400867/assignments?per_page=100
2025-05-25 10:58:18,745 - ERROR - Failed to fetch data for student 5371577: 401 Client Error: Unauthorized for url: https://usflearn.instructure.com/api/v1/courses/1962040/analytics/users/5371577/assignments?per_page=100
2025-05-25 10:58:18,746 - ERROR - Failed to fetch data for student 5042553: 401 Client Error: Unauthorized for url: https://usflearn.instructure.com/api/v1/courses/1962040/analytics/users/5042553/assignments?per_page=100
2025-05-25 10:58:18,751 - ERROR - Failed to fetch data for student 5332285: 401 Client Error: Unauthorized for url: https://usflearn.instructure.com/api/v1/courses/1962040/analytics/users/5332285/assignments?per_page=100
2025-05-25 10:58:18,757 - INFO - Raw assignment data saved to C:\Users\mohan\Downloads\CRAFT-master 3\CRAFT-master\data_exports\assignments_raw.json
2025-05-25 10:58:18,768 - INFO - Cleaned assignment data saved to C:\Users\mohan\Downloads\CRAFT-master 3\CRAFT-master\data_exports\assignments_cleaned.xlsx
2025-05-25 11:00:17,673 - INFO - Reading student IDs from StudentRoster.csv...
2025-05-25 11:00:17,673 - INFO - Fetching assignments for 66 students...
2025-05-25 11:00:28,544 - INFO - Raw assignment data saved to C:\Users\mohan\Downloads\CRAFT-master 3\CRAFT-master\data_exports\assignments_raw.json
2025-05-25 11:00:28,916 - INFO - Cleaned assignment data saved to C:\Users\mohan\Downloads\CRAFT-master 3\CRAFT-master\data_exports\assignments_cleaned.xlsx
2025-05-25 11:05:11,576 - INFO - Reading student IDs from StudentRoster.csv...
2025-05-25 11:05:11,579 - INFO - Fetching assignments for 66 students...
2025-05-25 11:05:18,695 - INFO - Raw assignment data saved to C:\Users\mohan\Downloads\CRAFT-master 3\CRAFT-master\data_exports\assignments_raw.json
2025-05-25 11:05:18,998 - INFO - Cleaned assignment data saved to C:\Users\mohan\Downloads\CRAFT-master 3\CRAFT-master\data_exports\assignments_cleaned.xlsx
2025-06-23 11:48:05,221 - INFO - Reading student IDs from StudentRoster.csv...
2025-06-23 11:48:05,221 - INFO - Fetching assignments for 66 students...
2025-06-23 11:48:10,500 - ERROR - Failed to fetch data for student 5299959: 404 Client Error: Not Found for url: https://usflearn.instructure.com/api/v1/courses/1962040/analytics/users/5299959/assignments?per_page=100
2025-06-23 11:48:13,170 - ERROR - Failed to fetch data for student 5341087: 404 Client Error: Not Found for url: https://usflearn.instructure.com/api/v1/courses/1962040/analytics/users/5341087/assignments?per_page=100
2025-06-23 11:48:14,645 - INFO - Raw assignment data saved to C:\Users\mohan\Downloads\CRAFT-master 3\CRAFT-master\data_exports\assignments_raw.json
2025-06-23 11:48:14,959 - INFO - Cleaned assignment data saved to C:\Users\mohan\Downloads\CRAFT-master 3\CRAFT-master\data_exports\assignments_cleaned.xlsx
2025-06-23 11:54:17,399 - INFO - Reading student IDs from StudentRoster.csv...
2025-06-23 11:54:17,400 - INFO - Fetching assignments for 64 students...
2025-06-23 11:54:24,211 - INFO - Raw assignment data saved to C:\Users\mohan\Downloads\CRAFT-master 3\CRAFT-master\data_exports\assignments_raw.json
2025-06-23 11:54:24,511 - INFO - Cleaned assignment data saved to C:\Users\mohan\Downloads\CRAFT-master 3\CRAFT-master\data_exports\assignments_cleaned.xlsx
